Arguments: 
  /home/rreckonerr/.nvm/versions/node/v10.11.0/bin/node /home/rreckonerr/.nvm/versions/node/v10.11.0/bin/yarn add chulk

PATH: 
  /home/rreckonerr/.exenv/shims:/home/rreckonerr/.exenv/bin:/home/rreckonerr/.rbenv/shims:/home/rreckonerr/.rbenv/bin:/home/rreckonerr/.pyenv/plugins/pyenv-virtualenv/shims:/home/rreckonerr/.pyenv/shims:/home/rreckonerr/.pyenv/shims:/home/rreckonerr/.pyenv/bin:/home/rreckonerr/bin:/usr/local/bin:/home/rreckonerr/.exenv/shims:/home/rreckonerr/.exenv/bin:/home/rreckonerr/.rbenv/shims:/home/rreckonerr/.rbenv/bin:/home/rreckonerr/.pyenv/plugins/pyenv-virtualenv/shims:/home/rreckonerr/.pyenv/shims:/home/rreckonerr/.pyenv/shims:/home/rreckonerr/.pyenv/bin:/home/rreckonerr/.nvm/versions/node/v10.11.0/bin:/home/rreckonerr/bin:/usr/local/bin:/usr/local/sbin:/usr/local/bin:/usr/sbin:/usr/bin:/sbin:/bin:/usr/games:/usr/local/games

Yarn version: 
  1.12.3

Node version: 
  10.11.0

Platform: 
  linux x64

Trace: 
  Error: https://registry.yarnpkg.com/chulk: Not found
      at Request.params.callback [as _callback] (/home/rreckonerr/.nvm/versions/node/v10.11.0/lib/node_modules/yarn/lib/cli.js:65894:18)
      at Request.self.callback (/home/rreckonerr/.nvm/versions/node/v10.11.0/lib/node_modules/yarn/lib/cli.js:129018:22)
      at Request.emit (events.js:182:13)
      at Request.<anonymous> (/home/rreckonerr/.nvm/versions/node/v10.11.0/lib/node_modules/yarn/lib/cli.js:129990:10)
      at Request.emit (events.js:182:13)
      at IncomingMessage.<anonymous> (/home/rreckonerr/.nvm/versions/node/v10.11.0/lib/node_modules/yarn/lib/cli.js:129912:12)
      at Object.onceWrapper (events.js:273:13)
      at IncomingMessage.emit (events.js:187:15)
      at endReadableNT (_stream_readable.js:1092:12)
      at process._tickCallback (internal/process/next_tick.js:63:19)

npm manifest: 
  {
    "name": "notes-app",
    "version": "1.0.0",
    "main": "app.js",
    "license": "MIT",
    "dependencies": {
      "validator": "^10.11.0"
    }
  }

yarn manifest: 
  No manifest

Lockfile: 
  # THIS IS AN AUTOGENERATED FILE. DO NOT EDIT THIS FILE DIRECTLY.
  # yarn lockfile v1
  
  
  validator@^10.11.0:
    version "10.11.0"
    resolved "https://registry.yarnpkg.com/validator/-/validator-10.11.0.tgz#003108ea6e9a9874d31ccc9e5006856ccd76b228"
    integrity sha512-X/p3UZerAIsbBfN/IwahhYaBbY68EN/UQBWHtsbXGT5bfrH/p4NQzUCG1kF/rtKaNpnJ7jAu6NGTdSNtyNIXMw==
